<?xml version="1.0" encoding="UTF-8"?>
<!-- Generated by org.testng.reporters.JUnitReportReporter -->
<testsuite hostname="LAPTOP-9D969G7I" failures="0" tests="2" name="tests.LoginTest" time="10.832" errors="0" timestamp="2022-08-04T17:52:15 IST" skipped="0">
  <testcase classname="tests.LoginTest" name="verifybuttontext" time="0.523"/>
  <system-out/>
  <testcase classname="tests.LoginTest" name="login" time="10.309"/>
  <system-out/>
</testsuite> <!-- tests.LoginTest -->
