<?xml version="1.0" encoding="UTF-8"?>
<!-- Generated by org.testng.reporters.JUnitReportReporter -->
<testsuite hostname="LAPTOP-9D969G7I" failures="0" tests="2" name="tests.HomePageTest" time="4.621" errors="0" timestamp="2022-08-04T17:52:15 IST" skipped="0">
  <testcase classname="tests.HomePageTest" name="goToTab" time="2.722"/>
  <system-out/>
  <testcase classname="tests.HomePageTest" name="logout" time="1.899"/>
  <system-out/>
</testsuite> <!-- tests.HomePageTest -->
